app/build/intermediates/manifest_merge_blame_file/debug/processDebugMainManifest/manifest-merger-blame-debug-report.txt
1<?xml version="1.0" encoding="utf-8"?>
2<manifest xmlns:android="http://schemas.android.com/apk/res/android"
3    package="com.biexi.pandaled"
4    android:versionCode="2"
5    android:versionName="1.0.0" >
6
7    <uses-sdk
8        android:minSdkVersion="26"
9        android:targetSdkVersion="35" />
10
11    <!-- Camera for QR scanning -->
12    <uses-permission android:name="android.permission.CAMERA" />
12-->src/main/AndroidManifest.xml:5:5-65
12-->src/main/AndroidManifest.xml:5:22-62
13    <uses-permission android:name="android.permission.INTERNET" />
13-->src/main/AndroidManifest.xml:6:5-67
13-->src/main/AndroidManifest.xml:6:22-64
14    <!-- Storage for reading local images/videos -->
15    <uses-permission
15-->src/main/AndroidManifest.xml:8:5-9:38
16        android:name="android.permission.READ_EXTERNAL_STORAGE"
16-->src/main/AndroidManifest.xml:8:22-77
17        android:maxSdkVersion="32" />
17-->src/main/AndroidManifest.xml:9:9-35
18    <uses-permission android:name="android.permission.READ_MEDIA_IMAGES" />
18-->src/main/AndroidManifest.xml:10:5-76
18-->src/main/AndroidManifest.xml:10:22-73
19    <uses-permission android:name="android.permission.READ_MEDIA_VIDEO" />
19-->src/main/AndroidManifest.xml:11:5-75
19-->src/main/AndroidManifest.xml:11:22-72
20
21    <uses-feature
21-->src/main/AndroidManifest.xml:13:5-85
22        android:name="android.hardware.camera"
22-->src/main/AndroidManifest.xml:13:19-57
23        android:required="false" />
23-->src/main/AndroidManifest.xml:13:58-82
24
25    <uses-permission android:name="android.permission.ACCESS_NETWORK_STATE" />
25-->[com.google.android.gms:play-services-ads-lite:23.0.0] AndroidManifest.xml:25:5-79
25-->[com.google.android.gms:play-services-ads-lite:23.0.0] AndroidManifest.xml:25:22-76
26    <uses-permission android:name="com.google.android.gms.permission.AD_ID" />
26-->[com.google.android.gms:play-services-ads-lite:23.0.0] AndroidManifest.xml:26:5-79
26-->[com.google.android.gms:play-services-ads-lite:23.0.0] AndroidManifest.xml:26:22-76
27    <uses-permission android:name="android.permission.ACCESS_ADSERVICES_AD_ID" />
27-->[com.google.android.gms:play-services-ads-lite:23.0.0] AndroidManifest.xml:27:5-82
27-->[com.google.android.gms:play-services-ads-lite:23.0.0] AndroidManifest.xml:27:22-79
28    <uses-permission android:name="android.permission.ACCESS_ADSERVICES_ATTRIBUTION" />
28-->[com.google.android.gms:play-services-ads-lite:23.0.0] AndroidManifest.xml:28:5-88
28-->[com.google.android.gms:play-services-ads-lite:23.0.0] AndroidManifest.xml:28:22-85
29    <uses-permission android:name="android.permission.ACCESS_ADSERVICES_TOPICS" /> <!-- Android package visibility setting -->
29-->[com.google.android.gms:play-services-ads-lite:23.0.0] AndroidManifest.xml:29:5-83
29-->[com.google.android.gms:play-services-ads-lite:23.0.0] AndroidManifest.xml:29:22-80
30    <queries>
30-->[com.google.android.gms:play-services-ads-lite:23.0.0] AndroidManifest.xml:35:5-51:15
31
32        <!-- For browser content -->
33        <intent>
33-->[com.google.android.gms:play-services-ads-lite:23.0.0] AndroidManifest.xml:38:9-44:18
34            <action android:name="android.intent.action.VIEW" />
34-->[com.google.android.gms:play-services-ads-lite:23.0.0] AndroidManifest.xml:39:13-65
34-->[com.google.android.gms:play-services-ads-lite:23.0.0] AndroidManifest.xml:39:21-62
35
36            <category android:name="android.intent.category.BROWSABLE" />
36-->[com.google.android.gms:play-services-ads-lite:23.0.0] AndroidManifest.xml:41:13-74
36-->[com.google.android.gms:play-services-ads-lite:23.0.0] AndroidManifest.xml:41:23-71
37
38            <data android:scheme="https" />
38-->[com.google.android.gms:play-services-ads-lite:23.0.0] AndroidManifest.xml:43:13-44
38-->[com.google.android.gms:play-services-ads-lite:23.0.0] AndroidManifest.xml:43:19-41
39        </intent>
40        <!-- End of browser content -->
41        <!-- For CustomTabsService -->
42        <intent>
42-->[com.google.android.gms:play-services-ads-lite:23.0.0] AndroidManifest.xml:47:9-49:18
43            <action android:name="android.support.customtabs.action.CustomTabsService" />
43-->[com.google.android.gms:play-services-ads-lite:23.0.0] AndroidManifest.xml:48:13-90
43-->[com.google.android.gms:play-services-ads-lite:23.0.0] AndroidManifest.xml:48:21-87
44        </intent>
45        <!-- End of CustomTabsService -->
46    </queries>
47
48    <uses-permission android:name="android.permission.WAKE_LOCK" />
48-->[com.google.android.gms:play-services-measurement-sdk-api:20.1.2] AndroidManifest.xml:25:5-68
48-->[com.google.android.gms:play-services-measurement-sdk-api:20.1.2] AndroidManifest.xml:25:22-65
49    <uses-permission android:name="android.permission.FOREGROUND_SERVICE" />
49-->[androidx.work:work-runtime:2.7.0] AndroidManifest.xml:28:5-77
49-->[androidx.work:work-runtime:2.7.0] AndroidManifest.xml:28:22-74
50
51    <permission
51-->[androidx.core:core:1.12.0] AndroidManifest.xml:22:5-24:47
52        android:name="com.biexi.pandaled.DYNAMIC_RECEIVER_NOT_EXPORTED_PERMISSION"
52-->[androidx.core:core:1.12.0] AndroidManifest.xml:23:9-81
53        android:protectionLevel="signature" />
53-->[androidx.core:core:1.12.0] AndroidManifest.xml:24:9-44
54
55    <uses-permission android:name="com.biexi.pandaled.DYNAMIC_RECEIVER_NOT_EXPORTED_PERMISSION" />
55-->[androidx.core:core:1.12.0] AndroidManifest.xml:26:5-97
55-->[androidx.core:core:1.12.0] AndroidManifest.xml:26:22-94
56
57    <application
57-->src/main/AndroidManifest.xml:15:5-53:19
58        android:name="com.biexi.pandaled.PandaLedApp"
58-->src/main/AndroidManifest.xml:16:9-36
59        android:allowBackup="true"
59-->src/main/AndroidManifest.xml:17:9-35
60        android:appComponentFactory="androidx.core.app.CoreComponentFactory"
60-->[androidx.core:core:1.12.0] AndroidManifest.xml:28:18-86
61        android:debuggable="true"
62        android:extractNativeLibs="false"
63        android:label="PandaLED"
63-->src/main/AndroidManifest.xml:19:9-33
64        android:supportsRtl="true"
64-->src/main/AndroidManifest.xml:20:9-35
65        android:testOnly="true"
66        android:theme="@style/Theme.PandaLed"
66-->src/main/AndroidManifest.xml:21:9-46
67        android:usesCleartextTraffic="true" >
67-->src/main/AndroidManifest.xml:18:9-44
68        <activity
68-->src/main/AndroidManifest.xml:23:9-33:20
69            android:name="com.biexi.pandaled.MainActivity"
69-->src/main/AndroidManifest.xml:24:13-41
70            android:configChanges="orientation|screenSize|screenLayout|keyboardHidden"
70-->src/main/AndroidManifest.xml:26:13-87
71            android:exported="true"
71-->src/main/AndroidManifest.xml:25:13-36
72            android:screenOrientation="portrait"
72-->src/main/AndroidManifest.xml:27:13-49
73            android:theme="@style/Theme.PandaLed" >
73-->src/main/AndroidManifest.xml:28:13-50
74            <intent-filter>
74-->src/main/AndroidManifest.xml:29:13-32:29
75                <action android:name="android.intent.action.MAIN" />
75-->src/main/AndroidManifest.xml:30:17-69
75-->src/main/AndroidManifest.xml:30:25-66
76
77                <category android:name="android.intent.category.LAUNCHER" />
77-->src/main/AndroidManifest.xml:31:17-77
77-->src/main/AndroidManifest.xml:31:27-74
78            </intent-filter>
79        </activity>
80        <activity
80-->src/main/AndroidManifest.xml:35:9-39:64
81            android:name="com.biexi.pandaled.ui.player.FullScreenActivity"
81-->src/main/AndroidManifest.xml:36:13-57
82            android:exported="false"
82-->src/main/AndroidManifest.xml:37:13-37
83            android:screenOrientation="landscape"
83-->src/main/AndroidManifest.xml:38:13-50
84            android:theme="@style/Theme.PandaLed.FullScreen" />
84-->src/main/AndroidManifest.xml:39:13-61
85
86        <provider
87            android:name="androidx.core.content.FileProvider"
87-->src/main/AndroidManifest.xml:42:13-62
88            android:authorities="com.biexi.pandaled.fileprovider"
88-->src/main/AndroidManifest.xml:43:13-64
89            android:exported="false"
89-->src/main/AndroidManifest.xml:44:13-37
90            android:grantUriPermissions="true" >
90-->src/main/AndroidManifest.xml:45:13-47
91            <meta-data
91-->src/main/AndroidManifest.xml:46:13-48:54
92                android:name="android.support.FILE_PROVIDER_PATHS"
92-->src/main/AndroidManifest.xml:47:17-67
93                android:resource="@xml/file_paths" />
93-->src/main/AndroidManifest.xml:48:17-51
94        </provider>
95
96        <meta-data
96-->src/main/AndroidManifest.xml:50:9-52:73
97            android:name="com.google.android.gms.ads.APPLICATION_ID"
97-->src/main/AndroidManifest.xml:51:17-73
98            android:value="ca-app-pub-7768614948828316~3745311065" />
98-->src/main/AndroidManifest.xml:52:17-71
99        <!--
100        Service for holding metadata. Cannot be instantiated.
101        Metadata will be merged from other manifests.
102        -->
103        <service
103-->[androidx.camera:camera-core:1.3.1] AndroidManifest.xml:29:9-33:78
104            android:name="androidx.camera.core.impl.MetadataHolderService"
104-->[androidx.camera:camera-core:1.3.1] AndroidManifest.xml:30:13-75
105            android:enabled="false"
105-->[androidx.camera:camera-core:1.3.1] AndroidManifest.xml:31:13-36
106            android:exported="false" >
106-->[androidx.camera:camera-core:1.3.1] AndroidManifest.xml:32:13-37
107            <meta-data
107-->[androidx.camera:camera-camera2:1.3.1] AndroidManifest.xml:30:13-32:89
108                android:name="androidx.camera.core.impl.MetadataHolderService.DEFAULT_CONFIG_PROVIDER"
108-->[androidx.camera:camera-camera2:1.3.1] AndroidManifest.xml:31:17-103
109                android:value="androidx.camera.camera2.Camera2Config$DefaultProvider" />
109-->[androidx.camera:camera-camera2:1.3.1] AndroidManifest.xml:32:17-86
110        </service>
111        <service
111-->[com.google.android.gms:play-services-mlkit-barcode-scanning:18.3.0] AndroidManifest.xml:9:9-15:19
112            android:name="com.google.mlkit.common.internal.MlKitComponentDiscoveryService"
112-->[com.google.android.gms:play-services-mlkit-barcode-scanning:18.3.0] AndroidManifest.xml:10:13-91
113            android:directBootAware="true"
113-->[com.google.mlkit:common:18.9.0] AndroidManifest.xml:17:13-43
114            android:exported="false" >
114-->[com.google.android.gms:play-services-mlkit-barcode-scanning:18.3.0] AndroidManifest.xml:11:13-37
115            <meta-data
115-->[com.google.android.gms:play-services-mlkit-barcode-scanning:18.3.0] AndroidManifest.xml:12:13-14:85
116                android:name="com.google.firebase.components:com.google.mlkit.vision.barcode.internal.BarcodeRegistrar"
116-->[com.google.android.gms:play-services-mlkit-barcode-scanning:18.3.0] AndroidManifest.xml:13:17-120
117                android:value="com.google.firebase.components.ComponentRegistrar" />
117-->[com.google.android.gms:play-services-mlkit-barcode-scanning:18.3.0] AndroidManifest.xml:14:17-82
118            <meta-data
118-->[com.google.mlkit:vision-common:17.3.0] AndroidManifest.xml:12:13-14:85
119                android:name="com.google.firebase.components:com.google.mlkit.vision.common.internal.VisionCommonRegistrar"
119-->[com.google.mlkit:vision-common:17.3.0] AndroidManifest.xml:13:17-124
120                android:value="com.google.firebase.components.ComponentRegistrar" />
120-->[com.google.mlkit:vision-common:17.3.0] AndroidManifest.xml:14:17-82
121            <meta-data
121-->[com.google.mlkit:common:18.9.0] AndroidManifest.xml:20:13-22:85
122                android:name="com.google.firebase.components:com.google.mlkit.common.internal.CommonComponentRegistrar"
122-->[com.google.mlkit:common:18.9.0] AndroidManifest.xml:21:17-120
123                android:value="com.google.firebase.components.ComponentRegistrar" />
123-->[com.google.mlkit:common:18.9.0] AndroidManifest.xml:22:17-82
124        </service>
125
126        <provider
126-->[com.google.mlkit:common:18.9.0] AndroidManifest.xml:9:9-13:38
127            android:name="com.google.mlkit.common.internal.MlKitInitProvider"
127-->[com.google.mlkit:common:18.9.0] AndroidManifest.xml:10:13-78
128            android:authorities="com.biexi.pandaled.mlkitinitprovider"
128-->[com.google.mlkit:common:18.9.0] AndroidManifest.xml:11:13-69
129            android:exported="false"
129-->[com.google.mlkit:common:18.9.0] AndroidManifest.xml:12:13-37
130            android:initOrder="99" /> <!-- Include the AdActivity and InAppPurchaseActivity configChanges and themes. -->
130-->[com.google.mlkit:common:18.9.0] AndroidManifest.xml:13:13-35
131        <activity
131-->[com.google.android.gms:play-services-ads-lite:23.0.0] AndroidManifest.xml:56:9-61:43
132            android:name="com.google.android.gms.ads.AdActivity"
132-->[com.google.android.gms:play-services-ads-lite:23.0.0] AndroidManifest.xml:57:13-65
133            android:configChanges="keyboard|keyboardHidden|orientation|screenLayout|uiMode|screenSize|smallestScreenSize"
133-->[com.google.android.gms:play-services-ads-lite:23.0.0] AndroidManifest.xml:58:13-122
134            android:exported="false"
134-->[com.google.android.gms:play-services-ads-lite:23.0.0] AndroidManifest.xml:59:13-37
135            android:theme="@android:style/Theme.Translucent" />
135-->[com.google.android.gms:play-services-ads-lite:23.0.0] AndroidManifest.xml:60:13-61
136
137        <provider
137-->[com.google.android.gms:play-services-ads-lite:23.0.0] AndroidManifest.xml:63:9-68:43
138            android:name="com.google.android.gms.ads.MobileAdsInitProvider"
138-->[com.google.android.gms:play-services-ads-lite:23.0.0] AndroidManifest.xml:64:13-76
139            android:authorities="com.biexi.pandaled.mobileadsinitprovider"
139-->[com.google.android.gms:play-services-ads-lite:23.0.0] AndroidManifest.xml:65:13-73
140            android:exported="false"
140-->[com.google.android.gms:play-services-ads-lite:23.0.0] AndroidManifest.xml:66:13-37
141            android:initOrder="100" />
141-->[com.google.android.gms:play-services-ads-lite:23.0.0] AndroidManifest.xml:67:13-36
142
143        <service
143-->[com.google.android.gms:play-services-ads-lite:23.0.0] AndroidManifest.xml:70:9-74:43
144            android:name="com.google.android.gms.ads.AdService"
144-->[com.google.android.gms:play-services-ads-lite:23.0.0] AndroidManifest.xml:71:13-64
145            android:enabled="true"
145-->[com.google.android.gms:play-services-ads-lite:23.0.0] AndroidManifest.xml:72:13-35
146            android:exported="false" />
146-->[com.google.android.gms:play-services-ads-lite:23.0.0] AndroidManifest.xml:73:13-37
147
148        <activity
148-->[com.google.android.gms:play-services-ads-lite:23.0.0] AndroidManifest.xml:76:9-80:43
149            android:name="com.google.android.gms.ads.OutOfContextTestingActivity"
149-->[com.google.android.gms:play-services-ads-lite:23.0.0] AndroidManifest.xml:77:13-82
150            android:configChanges="keyboard|keyboardHidden|orientation|screenLayout|uiMode|screenSize|smallestScreenSize"
150-->[com.google.android.gms:play-services-ads-lite:23.0.0] AndroidManifest.xml:78:13-122
151            android:exported="false" />
151-->[com.google.android.gms:play-services-ads-lite:23.0.0] AndroidManifest.xml:79:13-37
152        <activity
152-->[com.google.android.gms:play-services-ads-lite:23.0.0] AndroidManifest.xml:81:9-88:43
153            android:name="com.google.android.gms.ads.NotificationHandlerActivity"
153-->[com.google.android.gms:play-services-ads-lite:23.0.0] AndroidManifest.xml:82:13-82
154            android:excludeFromRecents="true"
154-->[com.google.android.gms:play-services-ads-lite:23.0.0] AndroidManifest.xml:83:13-46
155            android:exported="false"
155-->[com.google.android.gms:play-services-ads-lite:23.0.0] AndroidManifest.xml:84:13-37
156            android:launchMode="singleTask"
156-->[com.google.android.gms:play-services-ads-lite:23.0.0] AndroidManifest.xml:85:13-44
157            android:taskAffinity=""
157-->[com.google.android.gms:play-services-ads-lite:23.0.0] AndroidManifest.xml:86:13-36
158            android:theme="@android:style/Theme.Translucent.NoTitleBar" />
158-->[com.google.android.gms:play-services-ads-lite:23.0.0] AndroidManifest.xml:87:13-72
159
160        <property
160-->[com.google.android.gms:play-services-ads-lite:23.0.0] AndroidManifest.xml:90:9-92:62
161            android:name="android.adservices.AD_SERVICES_CONFIG"
161-->[com.google.android.gms:play-services-ads-lite:23.0.0] AndroidManifest.xml:91:13-65
162            android:resource="@xml/gma_ad_services_config" />
162-->[com.google.android.gms:play-services-ads-lite:23.0.0] AndroidManifest.xml:92:13-59
163
164        <activity
164-->[com.google.android.gms:play-services-base:18.1.0] AndroidManifest.xml:20:9-22:45
165            android:name="com.google.android.gms.common.api.GoogleApiActivity"
165-->[com.google.android.gms:play-services-base:18.1.0] AndroidManifest.xml:20:19-85
166            android:exported="false"
166-->[com.google.android.gms:play-services-base:18.1.0] AndroidManifest.xml:22:19-43
167            android:theme="@android:style/Theme.Translucent.NoTitleBar" />
167-->[com.google.android.gms:play-services-base:18.1.0] AndroidManifest.xml:21:19-78
168
169        <meta-data
169-->[com.google.android.gms:play-services-basement:18.2.0] AndroidManifest.xml:21:9-23:69
170            android:name="com.google.android.gms.version"
170-->[com.google.android.gms:play-services-basement:18.2.0] AndroidManifest.xml:22:13-58
171            android:value="@integer/google_play_services_version" />
171-->[com.google.android.gms:play-services-basement:18.2.0] AndroidManifest.xml:23:13-66
172
173        <activity
173-->[androidx.compose.ui:ui-tooling-android:1.6.5] AndroidManifest.xml:23:9-25:39
174            android:name="androidx.compose.ui.tooling.PreviewActivity"
174-->[androidx.compose.ui:ui-tooling-android:1.6.5] AndroidManifest.xml:24:13-71
175            android:exported="true" />
175-->[androidx.compose.ui:ui-tooling-android:1.6.5] AndroidManifest.xml:25:13-36
176
177        <provider
177-->[androidx.work:work-runtime:2.7.0] AndroidManifest.xml:31:9-39:20
178            android:name="androidx.startup.InitializationProvider"
178-->[androidx.work:work-runtime:2.7.0] AndroidManifest.xml:32:13-67
179            android:authorities="com.biexi.pandaled.androidx-startup"
179-->[androidx.work:work-runtime:2.7.0] AndroidManifest.xml:33:13-68
180            android:exported="false" >
180-->[androidx.work:work-runtime:2.7.0] AndroidManifest.xml:34:13-37
181            <meta-data
181-->[androidx.work:work-runtime:2.7.0] AndroidManifest.xml:36:13-38:52
182                android:name="androidx.work.WorkManagerInitializer"
182-->[androidx.work:work-runtime:2.7.0] AndroidManifest.xml:37:17-68
183                android:value="androidx.startup" />
183-->[androidx.work:work-runtime:2.7.0] AndroidManifest.xml:38:17-49
184            <meta-data
184-->[androidx.emoji2:emoji2:1.3.0] AndroidManifest.xml:29:13-31:52
185                android:name="androidx.emoji2.text.EmojiCompatInitializer"
185-->[androidx.emoji2:emoji2:1.3.0] AndroidManifest.xml:30:17-75
186                android:value="androidx.startup" />
186-->[androidx.emoji2:emoji2:1.3.0] AndroidManifest.xml:31:17-49
187            <meta-data
187-->[androidx.lifecycle:lifecycle-process:2.7.0] AndroidManifest.xml:29:13-31:52
188                android:name="androidx.lifecycle.ProcessLifecycleInitializer"
188-->[androidx.lifecycle:lifecycle-process:2.7.0] AndroidManifest.xml:30:17-78
189                android:value="androidx.startup" />
189-->[androidx.lifecycle:lifecycle-process:2.7.0] AndroidManifest.xml:31:17-49
190            <meta-data
190-->[androidx.profileinstaller:profileinstaller:1.3.1] AndroidManifest.xml:29:13-31:52
191                android:name="androidx.profileinstaller.ProfileInstallerInitializer"
191-->[androidx.profileinstaller:profileinstaller:1.3.1] AndroidManifest.xml:30:17-85
192                android:value="androidx.startup" />
192-->[androidx.profileinstaller:profileinstaller:1.3.1] AndroidManifest.xml:31:17-49
193        </provider>
194
195        <service
195-->[androidx.work:work-runtime:2.7.0] AndroidManifest.xml:41:9-46:35
196            android:name="androidx.work.impl.background.systemalarm.SystemAlarmService"
196-->[androidx.work:work-runtime:2.7.0] AndroidManifest.xml:42:13-88
197            android:directBootAware="false"
197-->[androidx.work:work-runtime:2.7.0] AndroidManifest.xml:43:13-44
198            android:enabled="@bool/enable_system_alarm_service_default"
198-->[androidx.work:work-runtime:2.7.0] AndroidManifest.xml:44:13-72
199            android:exported="false" />
199-->[androidx.work:work-runtime:2.7.0] AndroidManifest.xml:45:13-37
200        <service
200-->[androidx.work:work-runtime:2.7.0] AndroidManifest.xml:47:9-53:35
201            android:name="androidx.work.impl.background.systemjob.SystemJobService"
201-->[androidx.work:work-runtime:2.7.0] AndroidManifest.xml:48:13-84
202            android:directBootAware="false"
202-->[androidx.work:work-runtime:2.7.0] AndroidManifest.xml:49:13-44
203            android:enabled="@bool/enable_system_job_service_default"
203-->[androidx.work:work-runtime:2.7.0] AndroidManifest.xml:50:13-70
204            android:exported="true"
204-->[androidx.work:work-runtime:2.7.0] AndroidManifest.xml:51:13-36
205            android:permission="android.permission.BIND_JOB_SERVICE" />
205-->[androidx.work:work-runtime:2.7.0] AndroidManifest.xml:52:13-69
206        <service
206-->[androidx.work:work-runtime:2.7.0] AndroidManifest.xml:54:9-59:35
207            android:name="androidx.work.impl.foreground.SystemForegroundService"
207-->[androidx.work:work-runtime:2.7.0] AndroidManifest.xml:55:13-81
208            android:directBootAware="false"
208-->[androidx.work:work-runtime:2.7.0] AndroidManifest.xml:56:13-44
209            android:enabled="@bool/enable_system_foreground_service_default"
209-->[androidx.work:work-runtime:2.7.0] AndroidManifest.xml:57:13-77
210            android:exported="false" />
210-->[androidx.work:work-runtime:2.7.0] AndroidManifest.xml:58:13-37
211
212        <receiver
212-->[androidx.work:work-runtime:2.7.0] AndroidManifest.xml:61:9-66:35
213            android:name="androidx.work.impl.utils.ForceStopRunnable$BroadcastReceiver"
213-->[androidx.work:work-runtime:2.7.0] AndroidManifest.xml:62:13-88
214            android:directBootAware="false"
214-->[androidx.work:work-runtime:2.7.0] AndroidManifest.xml:63:13-44
215            android:enabled="true"
215-->[androidx.work:work-runtime:2.7.0] AndroidManifest.xml:64:13-35
216            android:exported="false" />
216-->[androidx.work:work-runtime:2.7.0] AndroidManifest.xml:65:13-37
217        <receiver
217-->[androidx.work:work-runtime:2.7.0] AndroidManifest.xml:67:9-77:20
218            android:name="androidx.work.impl.background.systemalarm.ConstraintProxy$BatteryChargingProxy"
218-->[androidx.work:work-runtime:2.7.0] AndroidManifest.xml:68:13-106
219            android:directBootAware="false"
219-->[androidx.work:work-runtime:2.7.0] AndroidManifest.xml:69:13-44
220            android:enabled="false"
220-->[androidx.work:work-runtime:2.7.0] AndroidManifest.xml:70:13-36
221            android:exported="false" >
221-->[androidx.work:work-runtime:2.7.0] AndroidManifest.xml:71:13-37
222            <intent-filter>
222-->[androidx.work:work-runtime:2.7.0] AndroidManifest.xml:73:13-76:29
223                <action android:name="android.intent.action.ACTION_POWER_CONNECTED" />
223-->[androidx.work:work-runtime:2.7.0] AndroidManifest.xml:74:17-87
223-->[androidx.work:work-runtime:2.7.0] AndroidManifest.xml:74:25-84
224                <action android:name="android.intent.action.ACTION_POWER_DISCONNECTED" />
224-->[androidx.work:work-runtime:2.7.0] AndroidManifest.xml:75:17-90
224-->[androidx.work:work-runtime:2.7.0] AndroidManifest.xml:75:25-87
225            </intent-filter>
226        </receiver>
227        <receiver
227-->[androidx.work:work-runtime:2.7.0] AndroidManifest.xml:78:9-88:20
228            android:name="androidx.work.impl.background.systemalarm.ConstraintProxy$BatteryNotLowProxy"
228-->[androidx.work:work-runtime:2.7.0] AndroidManifest.xml:79:13-104
229            android:directBootAware="false"
229-->[androidx.work:work-runtime:2.7.0] AndroidManifest.xml:80:13-44
230            android:enabled="false"
230-->[androidx.work:work-runtime:2.7.0] AndroidManifest.xml:81:13-36
231            android:exported="false" >
231-->[androidx.work:work-runtime:2.7.0] AndroidManifest.xml:82:13-37
232            <intent-filter>
232-->[androidx.work:work-runtime:2.7.0] AndroidManifest.xml:84:13-87:29
233                <action android:name="android.intent.action.BATTERY_OKAY" />
233-->[androidx.work:work-runtime:2.7.0] AndroidManifest.xml:85:17-77
233-->[androidx.work:work-runtime:2.7.0] AndroidManifest.xml:85:25-74
234                <action android:name="android.intent.action.BATTERY_LOW" />
234-->[androidx.work:work-runtime:2.7.0] AndroidManifest.xml:86:17-76
234-->[androidx.work:work-runtime:2.7.0] AndroidManifest.xml:86:25-73
235            </intent-filter>
236        </receiver>
237        <receiver
237-->[androidx.work:work-runtime:2.7.0] AndroidManifest.xml:89:9-99:20
238            android:name="androidx.work.impl.background.systemalarm.ConstraintProxy$StorageNotLowProxy"
238-->[androidx.work:work-runtime:2.7.0] AndroidManifest.xml:90:13-104
239            android:directBootAware="false"
239-->[androidx.work:work-runtime:2.7.0] AndroidManifest.xml:91:13-44
240            android:enabled="false"
240-->[androidx.work:work-runtime:2.7.0] AndroidManifest.xml:92:13-36
241            android:exported="false" >
241-->[androidx.work:work-runtime:2.7.0] AndroidManifest.xml:93:13-37
242            <intent-filter>
242-->[androidx.work:work-runtime:2.7.0] AndroidManifest.xml:95:13-98:29
243                <action android:name="android.intent.action.DEVICE_STORAGE_LOW" />
243-->[androidx.work:work-runtime:2.7.0] AndroidManifest.xml:96:17-83
243-->[androidx.work:work-runtime:2.7.0] AndroidManifest.xml:96:25-80
244                <action android:name="android.intent.action.DEVICE_STORAGE_OK" />
244-->[androidx.work:work-runtime:2.7.0] AndroidManifest.xml:97:17-82
244-->[androidx.work:work-runtime:2.7.0] AndroidManifest.xml:97:25-79
245            </intent-filter>
246        </receiver>
247        <receiver
247-->[androidx.work:work-runtime:2.7.0] AndroidManifest.xml:100:9-109:20
248            android:name="androidx.work.impl.background.systemalarm.ConstraintProxy$NetworkStateProxy"
248-->[androidx.work:work-runtime:2.7.0] AndroidManifest.xml:101:13-103
249            android:directBootAware="false"
249-->[androidx.work:work-runtime:2.7.0] AndroidManifest.xml:102:13-44
250            android:enabled="false"
250-->[androidx.work:work-runtime:2.7.0] AndroidManifest.xml:103:13-36
251            android:exported="false" >
251-->[androidx.work:work-runtime:2.7.0] AndroidManifest.xml:104:13-37
252            <intent-filter>
252-->[androidx.work:work-runtime:2.7.0] AndroidManifest.xml:106:13-108:29
253                <action android:name="android.net.conn.CONNECTIVITY_CHANGE" />
253-->[androidx.work:work-runtime:2.7.0] AndroidManifest.xml:107:17-79
253-->[androidx.work:work-runtime:2.7.0] AndroidManifest.xml:107:25-76
254            </intent-filter>
255        </receiver>
256        <receiver
256-->[androidx.work:work-runtime:2.7.0] AndroidManifest.xml:110:9-121:20
257            android:name="androidx.work.impl.background.systemalarm.RescheduleReceiver"
257-->[androidx.work:work-runtime:2.7.0] AndroidManifest.xml:111:13-88
258            android:directBootAware="false"
258-->[androidx.work:work-runtime:2.7.0] AndroidManifest.xml:112:13-44
259            android:enabled="false"
259-->[androidx.work:work-runtime:2.7.0] AndroidManifest.xml:113:13-36
260            android:exported="false" >
260-->[androidx.work:work-runtime:2.7.0] AndroidManifest.xml:114:13-37
261            <intent-filter>
261-->[androidx.work:work-runtime:2.7.0] AndroidManifest.xml:116:13-120:29
262                <action android:name="android.intent.action.BOOT_COMPLETED" />
262-->[androidx.work:work-runtime:2.7.0] AndroidManifest.xml:117:17-79
262-->[androidx.work:work-runtime:2.7.0] AndroidManifest.xml:117:25-76
263                <action android:name="android.intent.action.TIME_SET" />
263-->[androidx.work:work-runtime:2.7.0] AndroidManifest.xml:118:17-73
263-->[androidx.work:work-runtime:2.7.0] AndroidManifest.xml:118:25-70
264                <action android:name="android.intent.action.TIMEZONE_CHANGED" />
264-->[androidx.work:work-runtime:2.7.0] AndroidManifest.xml:119:17-81
264-->[androidx.work:work-runtime:2.7.0] AndroidManifest.xml:119:25-78
265            </intent-filter>
266        </receiver>
267        <receiver
267-->[androidx.work:work-runtime:2.7.0] AndroidManifest.xml:122:9-131:20
268            android:name="androidx.work.impl.background.systemalarm.ConstraintProxyUpdateReceiver"
268-->[androidx.work:work-runtime:2.7.0] AndroidManifest.xml:123:13-99
269            android:directBootAware="false"
269-->[androidx.work:work-runtime:2.7.0] AndroidManifest.xml:124:13-44
270            android:enabled="@bool/enable_system_alarm_service_default"
270-->[androidx.work:work-runtime:2.7.0] AndroidManifest.xml:125:13-72
271            android:exported="false" >
271-->[androidx.work:work-runtime:2.7.0] AndroidManifest.xml:126:13-37
272            <intent-filter>
272-->[androidx.work:work-runtime:2.7.0] AndroidManifest.xml:128:13-130:29
273                <action android:name="androidx.work.impl.background.systemalarm.UpdateProxies" />
273-->[androidx.work:work-runtime:2.7.0] AndroidManifest.xml:129:17-98
273-->[androidx.work:work-runtime:2.7.0] AndroidManifest.xml:129:25-95
274            </intent-filter>
275        </receiver>